<?xml version="1.0" encoding="UTF-8"?>
<!-- Generated by org.testng.reporters.JUnitReportReporter -->
<testsuite skipped="0" hostname="DESKTOP-49V9N63" name="com.HybridFramework.TestCases.TC_LoginDDT_002" tests="4" failures="0" timestamp="09 Aug 2020 04:45:44 GMT" time="47.388" errors="0">
  <testcase name="LoginDDT" time="14.172" classname="com.HybridFramework.TestCases.TC_LoginDDT_002"/>
  <testcase name="LoginDDT" time="10.941" classname="com.HybridFramework.TestCases.TC_LoginDDT_002"/>
  <testcase name="LoginDDT" time="11.166" classname="com.HybridFramework.TestCases.TC_LoginDDT_002"/>
  <testcase name="LoginDDT" time="11.109" classname="com.HybridFramework.TestCases.TC_LoginDDT_002"/>
</testsuite> <!-- com.HybridFramework.TestCases.TC_LoginDDT_002 -->
