<?xml version="1.0" encoding="UTF-8"?>
<!-- Generated by org.testng.reporters.JUnitReportReporter -->
<testsuite skipped="0" hostname="DESKTOP-49V9N63" name="com.HybridFramework.TestCases.TC_AddCustomerTest_003" tests="1" failures="0" timestamp="09 Aug 2020 04:45:44 GMT" time="19.902" errors="0">
  <testcase name="AddNewCustomer" time="19.902" classname="com.HybridFramework.TestCases.TC_AddCustomerTest_003"/>
</testsuite> <!-- com.HybridFramework.TestCases.TC_AddCustomerTest_003 -->
